<?xml version="1.0" encoding="windows-1252" standalone="no"?>
<!DOCTYPE log SYSTEM "logger.dtd">
<log>
<record>
  <date>2019-09-02T12:27:00</date>
  <millis>1567420020451</millis>
  <sequence>0</sequence>
  <logger>Lesson_34_Java_Logovanje_API.LogFormatter.HelloWorldHandlers</logger>
  <level>INFO</level>
  <class>Lesson_34_Java_Logovanje_API.LogFormatter.HelloWorldHandlers</class>
  <method>main</method>
  <thread>1</thread>
  <message>Trying to divide by zero</message>
</record>
<record>
  <date>2019-09-02T12:27:00</date>
  <millis>1567420020458</millis>
  <sequence>1</sequence>
  <logger>Lesson_34_Java_Logovanje_API.LogFormatter.HelloWorldHandlers</logger>
  <level>SEVERE</level>
  <class>Lesson_34_Java_Logovanje_API.LogFormatter.HelloWorldHandlers</class>
  <method>main</method>
  <thread>1</thread>
  <message>Division by zero</message>
</record>
</log>
